<?xml version="1.0" encoding="UTF-8"?>
<testsuite xmlns:xsi="http://www.w3.org/2001/XMLSchema-instance" xsi:noNamespaceSchemaLocation="https://maven.apache.org/surefire/maven-surefire-plugin/xsd/surefire-test-report-3.0.xsd" version="3.0" name="swaglabs.LoginTest" time="49.097" tests="1" errors="0" skipped="0" failures="1">
  <properties>
[...]
</properties>
  <testcase name="testValidLogin" classname="swaglabs.LoginTest" time="46.217">
    <failure message="Expected condition failed: waiting for com.swaglabs.utils.Waits$$Lambda/0x000001821021ad08@7a184d27 (tried for 10 second(s) with 500 milliseconds interval)" type="org.openqa.selenium.TimeoutException"><![CDATA[org.openqa.selenium.TimeoutException: Expected condition failed: waiting for com.swaglabs.utils.Waits$$Lambda/0x000001821021ad08@7a184d27 (tried for 10 second(s) with 500 milliseconds interval)
	at org.openqa.selenium.support.ui.WebDriverWait.timeoutException(WebDriverWait.java:84)
	at org.openqa.selenium.support.ui.FluentWait.until(FluentWait.java:228)
	at com.swaglabs.utils.Waits.waitForElementToBePresent(Waits.java:20)
	at com.swaglabs.utils.Waits.lambda$1(Waits.java:27)
	at org.openqa.selenium.support.ui.FluentWait.until(FluentWait.java:203)
	at com.swaglabs.utils.Waits.waitForElementToBeVisible(Waits.java:26)
	at com.swaglabs.utils.ElementActions.findElement(ElementActions.java:39)
	at com.swaglabs.utils.Scrolling.scrollToElement(Scrolling.java:15)
	at com.swaglabs.utils.ElementActions.findElement(ElementActions.java:40)
	at com.swaglabs.utils.Scrolling.scrollToElement(Scrolling.java:15)
	at com.swaglabs.utils.ElementActions.findElement(ElementActions.java:40)
	at com.swaglabs.utils.Scrolling.scrollToElement(Scrolling.java:15)
	at com.swaglabs.utils.ElementActions.findElement(ElementActions.java:40)
	at com.swaglabs.utils.Scrolling.scrollToElement(Scrolling.java:15)
	at com.swaglabs.utils.ElementActions.findElement(ElementActions.java:40)
	at com.swaglabs.utils.Scrolling.scrollToElement(Scrolling.java:15)
	at com.swaglabs.utils.ElementActions.findElement(ElementActions.java:40)
	at com.swaglabs.utils.Scrolling.scrollToElement(Scrolling.java:15)
	at com.swaglabs.utils.ElementActions.findElement(ElementActions.java:40)
	at com.swaglabs.utils.Scrolling.scrollToElement(Scrolling.java:15)
	at com.swaglabs.utils.ElementActions.findElement(ElementActions.java:40)
	at com.swaglabs.utils.Scrolling.scrollToElement(Scrolling.java:15)
	at com.swaglabs.utils.ElementActions.findElement(ElementActions.java:40)
	at com.swaglabs.utils.Scrolling.scrollToElement(Scrolling.java:15)
	at com.swaglabs.utils.ElementActions.findElement(ElementActions.java:40)
	at com.swaglabs.utils.Scrolling.scrollToElement(Scrolling.java:15)
	at com.swaglabs.utils.ElementActions.findElement(ElementActions.java:40)
	at com.swaglabs.utils.Scrolling.scrollToElement(Scrolling.java:15)
	at com.swaglabs.utils.ElementActions.findElement(ElementActions.java:40)
	at com.swaglabs.utils.Scrolling.scrollToElement(Scrolling.java:15)
	at com.swaglabs.utils.ElementActions.findElement(ElementActions.java:40)
	at com.swaglabs.utils.Scrolling.scrollToElement(Scrolling.java:15)
	at com.swaglabs.utils.ElementActions.findElement(ElementActions.java:40)
	at com.swaglabs.utils.Scrolling.scrollToElement(Scrolling.java:15)
	at com.swaglabs.utils.ElementActions.findElement(ElementActions.java:40)
	at com.swaglabs.utils.Scrolling.scrollToElement(Scrolling.java:15)
	at com.swaglabs.utils.ElementActions.findElement(ElementActions.java:40)
	at com.swaglabs.utils.Scrolling.scrollToElement(Scrolling.java:15)
	at com.swaglabs.utils.ElementActions.findElement(ElementActions.java:40)
	at com.swaglabs.utils.Scrolling.scrollToElement(Scrolling.java:15)
	at com.swaglabs.utils.ElementActions.findElement(ElementActions.java:40)
	at com.swaglabs.utils.Scrolling.scrollToElement(Scrolling.java:15)
	at com.swaglabs.utils.ElementActions.findElement(ElementActions.java:40)
	at com.swaglabs.utils.Scrolling.scrollToElement(Scrolling.java:15)
	at com.swaglabs.utils.ElementActions.findElement(ElementActions.java:40)
	at com.swaglabs.utils.Scrolling.scrollToElement(Scrolling.java:15)
	at com.swaglabs.utils.ElementActions.findElement(ElementActions.java:40)
	at com.swaglabs.utils.Scrolling.scrollToElement(Scrolling.java:15)
	at com.swaglabs.utils.ElementActions.findElement(ElementActions.java:40)
	at com.swaglabs.utils.Scrolling.scrollToElement(Scrolling.java:15)
	at com.swaglabs.utils.ElementActions.findElement(ElementActions.java:40)
	at com.swaglabs.utils.Scrolling.scrollToElement(Scrolling.java:15)
	at com.swaglabs.utils.ElementActions.findElement(ElementActions.java:40)
	at com.swaglabs.utils.Scrolling.scrollToElement(Scrolling.java:15)
	at com.swaglabs.utils.ElementActions.findElement(ElementActions.java:40)
	at com.swaglabs.utils.Scrolling.scrollToElement(Scrolling.java:15)
	at com.swaglabs.utils.ElementActions.findElement(ElementActions.java:40)
	at com.swaglabs.utils.Scrolling.scrollToElement(Scrolling.java:15)
	at com.swaglabs.utils.ElementActions.findElement(ElementActions.java:40)
	at com.swaglabs.utils.Scrolling.scrollToElement(Scrolling.java:15)
	at com.swaglabs.utils.ElementActions.findElement(ElementActions.java:40)
	at com.swaglabs.utils.Scrolling.scrollToElement(Scrolling.java:15)
	at com.swaglabs.utils.ElementActions.findElement(ElementActions.java:40)
	at com.swaglabs.utils.Scrolling.scrollToElement(Scrolling.java:15)
	at com.swaglabs.utils.ElementActions.findElement(ElementActions.java:40)
	at com.swaglabs.utils.Scrolling.scrollToElement(Scrolling.java:15)
	at com.swaglabs.utils.ElementActions.findElement(ElementActions.java:40)
	at com.swaglabs.utils.Scrolling.scrollToElement(Scrolling.java:15)
	at com.swaglabs.utils.ElementActions.findElement(ElementActions.java:40)
	at com.swaglabs.utils.Scrolling.scrollToElement(Scrolling.java:15)
	at com.swaglabs.utils.ElementActions.findElement(ElementActions.java:40)
	at com.swaglabs.utils.Scrolling.scrollToElement(Scrolling.java:15)
	at com.swaglabs.utils.ElementActions.findElement(ElementActions.java:40)
	at com.swaglabs.utils.Scrolling.scrollToElement(Scrolling.java:15)
	at com.swaglabs.utils.ElementActions.findElement(ElementActions.java:40)
	at com.swaglabs.utils.Scrolling.scrollToElement(Scrolling.java:15)
	at com.swaglabs.utils.ElementActions.findElement(ElementActions.java:40)
	at com.swaglabs.utils.Scrolling.scrollToElement(Scrolling.java:15)
	at com.swaglabs.utils.ElementActions.findElement(ElementActions.java:40)
	at com.swaglabs.utils.Scrolling.scrollToElement(Scrolling.java:15)
	at com.swaglabs.utils.ElementActions.findElement(ElementActions.java:40)
	at com.swaglabs.utils.Scrolling.scrollToElement(Scrolling.java:15)
	at com.swaglabs.utils.ElementActions.findElement(ElementActions.java:40)
	at com.swaglabs.utils.Scrolling.scrollToElement(Scrolling.java:15)
	at com.swaglabs.utils.ElementActions.findElement(ElementActions.java:40)
	at com.swaglabs.utils.Scrolling.scrollToElement(Scrolling.java:15)
	at com.swaglabs.utils.ElementActions.findElement(ElementActions.java:40)
	at com.swaglabs.utils.Scrolling.scrollToElement(Scrolling.java:15)
	at com.swaglabs.utils.ElementActions.findElement(ElementActions.java:40)
	at com.swaglabs.utils.Scrolling.scrollToElement(Scrolling.java:15)
	at com.swaglabs.utils.ElementActions.findElement(ElementActions.java:40)
	at com.swaglabs.utils.Scrolling.scrollToElement(Scrolling.java:15)
	at com.swaglabs.utils.ElementActions.findElement(ElementActions.java:40)
	at com.swaglabs.utils.Scrolling.scrollToElement(Scrolling.java:15)
	at com.swaglabs.utils.ElementActions.findElement(ElementActions.java:40)
	at com.swaglabs.utils.Scrolling.scrollToElement(Scrolling.java:15)
	at com.swaglabs.utils.ElementActions.findElement(ElementActions.java:40)
	at com.swaglabs.utils.Scrolling.scrollToElement(Scrolling.java:15)
	at com.swaglabs.utils.ElementActions.findElement(ElementActions.java:40)
	at com.swaglabs.utils.Scrolling.scrollToElement(Scrolling.java:15)
	at com.swaglabs.utils.ElementActions.findElement(ElementActions.java:40)
	at com.swaglabs.utils.Scrolling.scrollToElement(Scrolling.java:15)
	at com.swaglabs.utils.ElementActions.findElement(ElementActions.java:40)
	at com.swaglabs.utils.Scrolling.scrollToElement(Scrolling.java:15)
	at com.swaglabs.utils.ElementActions.findElement(ElementActions.java:40)
	at com.swaglabs.utils.Scrolling.scrollToElement(Scrolling.java:15)
	at com.swaglabs.utils.ElementActions.findElement(ElementActions.java:40)
	at com.swaglabs.utils.Scrolling.scrollToElement(Scrolling.java:15)
	at com.swaglabs.utils.ElementActions.findElement(ElementActions.java:40)
	at com.swaglabs.utils.Scrolling.scrollToElement(Scrolling.java:15)
	at com.swaglabs.utils.ElementActions.findElement(ElementActions.java:40)
	at com.swaglabs.utils.Scrolling.scrollToElement(Scrolling.java:15)
	at com.swaglabs.utils.ElementActions.findElement(ElementActions.java:40)
	at com.swaglabs.utils.Scrolling.scrollToElement(Scrolling.java:15)
	at com.swaglabs.utils.ElementActions.findElement(ElementActions.java:40)
	at com.swaglabs.utils.Scrolling.scrollToElement(Scrolling.java:15)
	at com.swaglabs.utils.ElementActions.findElement(ElementActions.java:40)
	at com.swaglabs.utils.Scrolling.scrollToElement(Scrolling.java:15)
	at com.swaglabs.utils.ElementActions.findElement(ElementActions.java:40)
	at com.swaglabs.utils.Scrolling.scrollToElement(Scrolling.java:15)
	at com.swaglabs.utils.ElementActions.findElement(ElementActions.java:40)
	at com.swaglabs.utils.Scrolling.scrollToElement(Scrolling.java:15)
	at com.swaglabs.utils.ElementActions.findElement(ElementActions.java:40)
	at com.swaglabs.utils.Scrolling.scrollToElement(Scrolling.java:15)
	at com.swaglabs.utils.ElementActions.findElement(ElementActions.java:40)
	at com.swaglabs.utils.Scrolling.scrollToElement(Scrolling.java:15)
	at com.swaglabs.utils.ElementActions.findElement(ElementActions.java:40)
	at com.swaglabs.utils.Scrolling.scrollToElement(Scrolling.java:15)
	at com.swaglabs.utils.ElementActions.findElement(ElementActions.java:40)
	at com.swaglabs.utils.Scrolling.scrollToElement(Scrolling.java:15)
	at com.swaglabs.utils.ElementActions.findElement(ElementActions.java:40)
	at com.swaglabs.utils.Scrolling.scrollToElement(Scrolling.java:15)
	at com.swaglabs.utils.ElementActions.findElement(ElementActions.java:40)
	at com.swaglabs.utils.Scrolling.scrollToElement(Scrolling.java:15)
	at com.swaglabs.utils.ElementActions.findElement(ElementActions.java:40)
	at com.swaglabs.utils.Scrolling.scrollToElement(Scrolling.java:15)
	at com.swaglabs.utils.ElementActions.findElement(ElementActions.java:40)
	at com.swaglabs.utils.Scrolling.scrollToElement(Scrolling.java:15)
	at com.swaglabs.utils.ElementActions.findElement(ElementActions.java:40)
	at com.swaglabs.utils.Scrolling.scrollToElement(Scrolling.java:15)
	at com.swaglabs.utils.ElementActions.findElement(ElementActions.java:40)
	at com.swaglabs.utils.Scrolling.scrollToElement(Scrolling.java:15)
	at com.swaglabs.utils.ElementActions.findElement(ElementActions.java:40)
	at com.swaglabs.utils.Scrolling.scrollToElement(Scrolling.java:15)
	at com.swaglabs.utils.ElementActions.findElement(ElementActions.java:40)
	at com.swaglabs.utils.Scrolling.scrollToElement(Scrolling.java:15)
	at com.swaglabs.utils.ElementActions.findElement(ElementActions.java:40)
	at com.swaglabs.utils.Scrolling.scrollToElement(Scrolling.java:15)
	at com.swaglabs.utils.ElementActions.findElement(ElementActions.java:40)
	at com.swaglabs.utils.Scrolling.scrollToElement(Scrolling.java:15)
	at com.swaglabs.utils.ElementActions.findElement(ElementActions.java:40)
	at com.swaglabs.utils.Scrolling.scrollToElement(Scrolling.java:15)
	at com.swaglabs.utils.ElementActions.findElement(ElementActions.java:40)
	at com.swaglabs.utils.Scrolling.scrollToElement(Scrolling.java:15)
	at com.swaglabs.utils.ElementActions.findElement(ElementActions.java:40)
	at com.swaglabs.utils.Scrolling.scrollToElement(Scrolling.java:15)
	at com.swaglabs.utils.ElementActions.findElement(ElementActions.java:40)
	at com.swaglabs.utils.Scrolling.scrollToElement(Scrolling.java:15)
	at com.swaglabs.utils.ElementActions.findElement(ElementActions.java:40)
	at com.swaglabs.utils.Scrolling.scrollToElement(Scrolling.java:15)
	at com.swaglabs.utils.ElementActions.findElement(ElementActions.java:40)
	at com.swaglabs.utils.Scrolling.scrollToElement(Scrolling.java:15)
	at com.swaglabs.utils.ElementActions.findElement(ElementActions.java:40)
	at com.swaglabs.utils.Scrolling.scrollToElement(Scrolling.java:15)
	at com.swaglabs.utils.ElementActions.findElement(ElementActions.java:40)
	at com.swaglabs.utils.Scrolling.scrollToElement(Scrolling.java:15)
	at com.swaglabs.utils.ElementActions.findElement(ElementActions.java:40)
	at com.swaglabs.utils.Scrolling.scrollToElement(Scrolling.java:15)
	at com.swaglabs.utils.ElementActions.findElement(ElementActions.java:40)
	at com.swaglabs.utils.Scrolling.scrollToElement(Scrolling.java:15)
	at com.swaglabs.utils.ElementActions.findElement(ElementActions.java:40)
	at com.swaglabs.utils.Scrolling.scrollToElement(Scrolling.java:15)
	at com.swaglabs.utils.ElementActions.findElement(ElementActions.java:40)
	at com.swaglabs.utils.Scrolling.scrollToElement(Scrolling.java:15)
	at com.swaglabs.utils.ElementActions.findElement(ElementActions.java:40)
	at com.swaglabs.utils.Scrolling.scrollToElement(Scrolling.java:15)
	at com.swaglabs.utils.ElementActions.findElement(ElementActions.java:40)
	at com.swaglabs.utils.Scrolling.scrollToElement(Scrolling.java:15)
	at com.swaglabs.utils.ElementActions.findElement(ElementActions.java:40)
	at com.swaglabs.utils.Scrolling.scrollToElement(Scrolling.java:15)
	at com.swaglabs.utils.ElementActions.findElement(ElementActions.java:40)
	at com.swaglabs.utils.Scrolling.scrollToElement(Scrolling.java:15)
	at com.swaglabs.utils.ElementActions.findElement(ElementActions.java:40)
	at com.swaglabs.utils.Scrolling.scrollToElement(Scrolling.java:15)
	at com.swaglabs.utils.ElementActions.findElement(ElementActions.java:40)
	at com.swaglabs.utils.Scrolling.scrollToElement(Scrolling.java:15)
	at com.swaglabs.utils.ElementActions.findElement(ElementActions.java:40)
	at com.swaglabs.utils.Scrolling.scrollToElement(Scrolling.java:15)
	at com.swaglabs.utils.ElementActions.findElement(ElementActions.java:40)
	at com.swaglabs.utils.Scrolling.scrollToElement(Scrolling.java:15)
	at com.swaglabs.utils.ElementActions.findElement(ElementActions.java:40)
	at com.swaglabs.utils.Scrolling.scrollToElement(Scrolling.java:15)
	at com.swaglabs.utils.ElementActions.findElement(ElementActions.java:40)
	at com.swaglabs.utils.Scrolling.scrollToElement(Scrolling.java:15)
	at com.swaglabs.utils.ElementActions.findElement(ElementActions.java:40)
	at com.swaglabs.utils.Scrolling.scrollToElement(Scrolling.java:15)
	at com.swaglabs.utils.ElementActions.findElement(ElementActions.java:40)
	at com.swaglabs.utils.Scrolling.scrollToElement(Scrolling.java:15)
	at com.swaglabs.utils.ElementActions.findElement(ElementActions.java:40)
	at com.swaglabs.utils.Scrolling.scrollToElement(Scrolling.java:15)
	at com.swaglabs.utils.ElementActions.findElement(ElementActions.java:40)
	at com.swaglabs.utils.Scrolling.scrollToElement(Scrolling.java:15)
	at com.swaglabs.utils.ElementActions.findElement(ElementActions.java:40)
	at com.swaglabs.utils.Scrolling.scrollToElement(Scrolling.java:15)
	at com.swaglabs.utils.ElementActions.findElement(ElementActions.java:40)
	at com.swaglabs.utils.Scrolling.scrollToElement(Scrolling.java:15)
	at com.swaglabs.utils.ElementActions.findElement(ElementActions.java:40)
	at com.swaglabs.utils.Scrolling.scrollToElement(Scrolling.java:15)
	at com.swaglabs.utils.ElementActions.findElement(ElementActions.java:40)
	at com.swaglabs.utils.Scrolling.scrollToElement(Scrolling.java:15)
	at com.swaglabs.utils.ElementActions.findElement(ElementActions.java:40)
	at com.swaglabs.utils.Scrolling.scrollToElement(Scrolling.java:15)
	at com.swaglabs.utils.ElementActions.findElement(ElementActions.java:40)
	at com.swaglabs.utils.Scrolling.scrollToElement(Scrolling.java:15)
	at com.swaglabs.utils.ElementActions.findElement(ElementActions.java:40)
	at com.swaglabs.utils.Scrolling.scrollToElement(Scrolling.java:15)
	at com.swaglabs.utils.ElementActions.findElement(ElementActions.java:40)
	at com.swaglabs.utils.Scrolling.scrollToElement(Scrolling.java:15)
	at com.swaglabs.utils.ElementActions.findElement(ElementActions.java:40)
	at com.swaglabs.utils.Scrolling.scrollToElement(Scrolling.java:15)
	at com.swaglabs.utils.ElementActions.findElement(ElementActions.java:40)
	at com.swaglabs.utils.Scrolling.scrollToElement(Scrolling.java:15)
	at com.swaglabs.utils.ElementActions.findElement(ElementActions.java:40)
	at com.swaglabs.utils.Scrolling.scrollToElement(Scrolling.java:15)
	at com.swaglabs.utils.ElementActions.findElement(ElementActions.java:40)
	at com.swaglabs.utils.Scrolling.scrollToElement(Scrolling.java:15)
	at com.swaglabs.utils.ElementActions.findElement(ElementActions.java:40)
	at com.swaglabs.utils.Scrolling.scrollToElement(Scrolling.java:15)
	at com.swaglabs.utils.ElementActions.findElement(ElementActions.java:40)
	at com.swaglabs.utils.Scrolling.scrollToElement(Scrolling.java:15)
	at com.swaglabs.utils.ElementActions.findElement(ElementActions.java:40)
	at com.swaglabs.utils.Scrolling.scrollToElement(Scrolling.java:15)
	at com.swaglabs.utils.ElementActions.findElement(ElementActions.java:40)
	at com.swaglabs.utils.Scrolling.scrollToElement(Scrolling.java:15)
	at com.swaglabs.utils.ElementActions.findElement(ElementActions.java:40)
	at com.swaglabs.utils.Scrolling.scrollToElement(Scrolling.java:15)
	at com.swaglabs.utils.ElementActions.findElement(ElementActions.java:40)
	at com.swaglabs.utils.Scrolling.scrollToElement(Scrolling.java:15)
	at com.swaglabs.utils.ElementActions.findElement(ElementActions.java:40)
	at com.swaglabs.utils.Scrolling.scrollToElement(Scrolling.java:15)
	at com.swaglabs.utils.ElementActions.findElement(ElementActions.java:40)
	at com.swaglabs.utils.Scrolling.scrollToElement(Scrolling.java:15)
	at com.swaglabs.utils.ElementActions.findElement(ElementActions.java:40)
	at com.swaglabs.utils.Scrolling.scrollToElement(Scrolling.java:15)
	at com.swaglabs.utils.ElementActions.findElement(ElementActions.java:40)
	at com.swaglabs.utils.Scrolling.scrollToElement(Scrolling.java:15)
	at com.swaglabs.utils.ElementActions.findElement(ElementActions.java:40)
	at com.swaglabs.utils.Scrolling.scrollToElement(Scrolling.java:15)
	at com.swaglabs.utils.ElementActions.findElement(ElementActions.java:40)
	at com.swaglabs.utils.Scrolling.scrollToElement(Scrolling.java:15)
	at com.swaglabs.utils.ElementActions.findElement(ElementActions.java:40)
	at com.swaglabs.utils.Scrolling.scrollToElement(Scrolling.java:15)
	at com.swaglabs.utils.ElementActions.findElement(ElementActions.java:40)
	at com.swaglabs.utils.Scrolling.scrollToElement(Scrolling.java:15)
	at com.swaglabs.utils.ElementActions.findElement(ElementActions.java:40)
	at com.swaglabs.utils.Scrolling.scrollToElement(Scrolling.java:15)
	at com.swaglabs.utils.ElementActions.findElement(ElementActions.java:40)
	at com.swaglabs.utils.Scrolling.scrollToElement(Scrolling.java:15)
	at com.swaglabs.utils.ElementActions.findElement(ElementActions.java:40)
	at com.swaglabs.utils.Scrolling.scrollToElement(Scrolling.java:15)
	at com.swaglabs.utils.ElementActions.findElement(ElementActions.java:40)
	at com.swaglabs.utils.Scrolling.scrollToElement(Scrolling.java:15)
	at com.swaglabs.utils.ElementActions.findElement(ElementActions.java:40)
	at com.swaglabs.utils.Scrolling.scrollToElement(Scrolling.java:15)
	at com.swaglabs.utils.ElementActions.findElement(ElementActions.java:40)
	at com.swaglabs.utils.Scrolling.scrollToElement(Scrolling.java:15)
	at com.swaglabs.utils.ElementActions.findElement(ElementActions.java:40)
	at com.swaglabs.utils.Scrolling.scrollToElement(Scrolling.java:15)
	at com.swaglabs.utils.ElementActions.findElement(ElementActions.java:40)
	at com.swaglabs.utils.Scrolling.scrollToElement(Scrolling.java:15)
	at com.swaglabs.utils.ElementActions.findElement(ElementActions.java:40)
	at com.swaglabs.utils.Scrolling.scrollToElement(Scrolling.java:15)
	at com.swaglabs.utils.ElementActions.findElement(ElementActions.java:40)
	at com.swaglabs.utils.Scrolling.scrollToElement(Scrolling.java:15)
	at com.swaglabs.utils.ElementActions.findElement(ElementActions.java:40)
	at com.swaglabs.utils.Scrolling.scrollToElement(Scrolling.java:15)
	at com.swaglabs.utils.ElementActions.findElement(ElementActions.java:40)
	at com.swaglabs.utils.Scrolling.scrollToElement(Scrolling.java:15)
	at com.swaglabs.utils.ElementActions.findElement(ElementActions.java:40)
	at com.swaglabs.utils.Scrolling.scrollToElement(Scrolling.java:15)
	at com.swaglabs.utils.ElementActions.findElement(ElementActions.java:40)
	at com.swaglabs.utils.Scrolling.scrollToElement(Scrolling.java:15)
	at com.swaglabs.utils.ElementActions.findElement(ElementActions.java:40)
	at com.swaglabs.utils.Scrolling.scrollToElement(Scrolling.java:15)
	at com.swaglabs.utils.ElementActions.findElement(ElementActions.java:40)
	at com.swaglabs.utils.Scrolling.scrollToElement(Scrolling.java:15)
	at com.swaglabs.utils.ElementActions.findElement(ElementActions.java:40)
	at com.swaglabs.utils.Scrolling.scrollToElement(Scrolling.java:15)
	at com.swaglabs.utils.ElementActions.findElement(ElementActions.java:40)
	at com.swaglabs.utils.Scrolling.scrollToElement(Scrolling.java:15)
	at com.swaglabs.utils.ElementActions.findElement(ElementActions.java:40)
	at com.swaglabs.utils.Scrolling.scrollToElement(Scrolling.java:15)
	at com.swaglabs.utils.ElementActions.findElement(ElementActions.java:40)
	at com.swaglabs.utils.Scrolling.scrollToElement(Scrolling.java:15)
	at com.swaglabs.utils.ElementActions.findElement(ElementActions.java:40)
	at com.swaglabs.utils.Scrolling.scrollToElement(Scrolling.java:15)
	at com.swaglabs.utils.ElementActions.findElement(ElementActions.java:40)
	at com.swaglabs.utils.Scrolling.scrollToElement(Scrolling.java:15)
	at com.swaglabs.utils.ElementActions.findElement(ElementActions.java:40)
	at com.swaglabs.utils.Scrolling.scrollToElement(Scrolling.java:15)
	at com.swaglabs.utils.ElementActions.findElement(ElementActions.java:40)
	at com.swaglabs.utils.Scrolling.scrollToElement(Scrolling.java:15)
	at com.swaglabs.utils.ElementActions.findElement(ElementActions.java:40)
	at com.swaglabs.utils.Scrolling.scrollToElement(Scrolling.java:15)
	at com.swaglabs.utils.ElementActions.findElement(ElementActions.java:40)
	at com.swaglabs.utils.Scrolling.scrollToElement(Scrolling.java:15)
	at com.swaglabs.utils.ElementActions.findElement(ElementActions.java:40)
	at com.swaglabs.utils.Scrolling.scrollToElement(Scrolling.java:15)
	at com.swaglabs.utils.ElementActions.findElement(ElementActions.java:40)
	at com.swaglabs.utils.Scrolling.scrollToElement(Scrolling.java:15)
	at com.swaglabs.utils.ElementActions.findElement(ElementActions.java:40)
	at com.swaglabs.utils.Scrolling.scrollToElement(Scrolling.java:15)
	at com.swaglabs.utils.ElementActions.findElement(ElementActions.java:40)
	at com.swaglabs.utils.Scrolling.scrollToElement(Scrolling.java:15)
	at com.swaglabs.utils.ElementActions.findElement(ElementActions.java:40)
	at com.swaglabs.utils.Scrolling.scrollToElement(Scrolling.java:15)
	at com.swaglabs.utils.ElementActions.findElement(ElementActions.java:40)
	at com.swaglabs.utils.Scrolling.scrollToElement(Scrolling.java:15)
	at com.swaglabs.utils.ElementActions.findElement(ElementActions.java:40)
	at com.swaglabs.utils.Scrolling.scrollToElement(Scrolling.java:15)
	at com.swaglabs.utils.ElementActions.findElement(ElementActions.java:40)
	at com.swaglabs.utils.Scrolling.scrollToElement(Scrolling.java:15)
	at com.swaglabs.utils.ElementActions.findElement(ElementActions.java:40)
	at com.swaglabs.utils.Scrolling.scrollToElement(Scrolling.java:15)
	at com.swaglabs.utils.ElementActions.findElement(ElementActions.java:40)
	at com.swaglabs.utils.Scrolling.scrollToElement(Scrolling.java:15)
	at com.swaglabs.utils.ElementActions.findElement(ElementActions.java:40)
	at com.swaglabs.utils.Scrolling.scrollToElement(Scrolling.java:15)
	at com.swaglabs.utils.ElementActions.findElement(ElementActions.java:40)
	at com.swaglabs.utils.Scrolling.scrollToElement(Scrolling.java:15)
	at com.swaglabs.utils.ElementActions.findElement(ElementActions.java:40)
	at com.swaglabs.utils.Scrolling.scrollToElement(Scrolling.java:15)
	at com.swaglabs.utils.ElementActions.findElement(ElementActions.java:40)
	at com.swaglabs.utils.Scrolling.scrollToElement(Scrolling.java:15)
	at com.swaglabs.utils.ElementActions.findElement(ElementActions.java:40)
	at com.swaglabs.utils.Scrolling.scrollToElement(Scrolling.java:15)
	at com.swaglabs.utils.ElementActions.findElement(ElementActions.java:40)
	at com.swaglabs.utils.Scrolling.scrollToElement(Scrolling.java:15)
	at com.swaglabs.utils.ElementActions.findElement(ElementActions.java:40)
	at com.swaglabs.utils.Scrolling.scrollToElement(Scrolling.java:15)
	at com.swaglabs.utils.ElementActions.findElement(ElementActions.java:40)
	at com.swaglabs.utils.Scrolling.scrollToElement(Scrolling.java:15)
	at com.swaglabs.utils.ElementActions.findElement(ElementActions.java:40)
	at com.swaglabs.utils.Scrolling.scrollToElement(Scrolling.java:15)
	at com.swaglabs.utils.ElementActions.findElement(ElementActions.java:40)
	at com.swaglabs.utils.Scrolling.scrollToElement(Scrolling.java:15)
	at com.swaglabs.utils.ElementActions.findElement(ElementActions.java:40)
	at com.swaglabs.utils.Scrolling.scrollToElement(Scrolling.java:15)
	at com.swaglabs.utils.ElementActions.findElement(ElementActions.java:40)
	at com.swaglabs.utils.Scrolling.scrollToElement(Scrolling.java:15)
	at com.swaglabs.utils.ElementActions.findElement(ElementActions.java:40)
	at com.swaglabs.utils.Scrolling.scrollToElement(Scrolling.java:15)
	at com.swaglabs.utils.ElementActions.findElement(ElementActions.java:40)
	at com.swaglabs.utils.Scrolling.scrollToElement(Scrolling.java:15)
	at com.swaglabs.utils.ElementActions.findElement(ElementActions.java:40)
	at com.swaglabs.utils.Scrolling.scrollToElement(Scrolling.java:15)
	at com.swaglabs.utils.ElementActions.findElement(ElementActions.java:40)
	at com.swaglabs.utils.Scrolling.scrollToElement(Scrolling.java:15)
	at com.swaglabs.utils.ElementActions.findElement(ElementActions.java:40)
	at com.swaglabs.utils.Scrolling.scrollToElement(Scrolling.java:15)
	at com.swaglabs.utils.ElementActions.findElement(ElementActions.java:40)
	at com.swaglabs.utils.Scrolling.scrollToElement(Scrolling.java:15)
	at com.swaglabs.utils.ElementActions.findElement(ElementActions.java:40)
	at com.swaglabs.utils.Scrolling.scrollToElement(Scrolling.java:15)
	at com.swaglabs.utils.ElementActions.findElement(ElementActions.java:40)
	at com.swaglabs.utils.Scrolling.scrollToElement(Scrolling.java:15)
	at com.swaglabs.utils.ElementActions.findElement(ElementActions.java:40)
	at com.swaglabs.utils.Scrolling.scrollToElement(Scrolling.java:15)
	at com.swaglabs.utils.ElementActions.findElement(ElementActions.java:40)
	at com.swaglabs.utils.Scrolling.scrollToElement(Scrolling.java:15)
	at com.swaglabs.utils.ElementActions.findElement(ElementActions.java:40)
	at com.swaglabs.utils.Scrolling.scrollToElement(Scrolling.java:15)
	at com.swaglabs.utils.ElementActions.findElement(ElementActions.java:40)
	at com.swaglabs.utils.Scrolling.scrollToElement(Scrolling.java:15)
	at com.swaglabs.utils.ElementActions.findElement(ElementActions.java:40)
	at com.swaglabs.utils.Scrolling.scrollToElement(Scrolling.java:15)
	at com.swaglabs.utils.ElementActions.findElement(ElementActions.java:40)
	at com.swaglabs.utils.Scrolling.scrollToElement(Scrolling.java:15)
	at com.swaglabs.utils.ElementActions.findElement(ElementActions.java:40)
	at com.swaglabs.utils.Scrolling.scrollToElement(Scrolling.java:15)
	at com.swaglabs.utils.ElementActions.findElement(ElementActions.java:40)
	at com.swaglabs.utils.Scrolling.scrollToElement(Scrolling.java:15)
	at com.swaglabs.utils.ElementActions.findElement(ElementActions.java:40)
	at com.swaglabs.utils.Scrolling.scrollToElement(Scrolling.java:15)
	at com.swaglabs.utils.ElementActions.findElement(ElementActions.java:40)
	at com.swaglabs.utils.Scrolling.scrollToElement(Scrolling.java:15)
	at com.swaglabs.utils.ElementActions.findElement(ElementActions.java:40)
	at com.swaglabs.utils.Scrolling.scrollToElement(Scrolling.java:15)
	at com.swaglabs.utils.ElementActions.findElement(ElementActions.java:40)
	at com.swaglabs.utils.Scrolling.scrollToElement(Scrolling.java:15)
	at com.swaglabs.utils.ElementActions.findElement(ElementActions.java:40)
	at com.swaglabs.utils.Scrolling.scrollToElement(Scrolling.java:15)
	at com.swaglabs.utils.ElementActions.findElement(ElementActions.java:40)
	at com.swaglabs.utils.Scrolling.scrollToElement(Scrolling.java:15)
	at com.swaglabs.utils.ElementActions.findElement(ElementActions.java:40)
	at com.swaglabs.utils.Scrolling.scrollToElement(Scrolling.java:15)
	at com.swaglabs.utils.ElementActions.findElement(ElementActions.java:40)
	at com.swaglabs.utils.Scrolling.scrollToElement(Scrolling.java:15)
	at com.swaglabs.utils.ElementActions.findElement(ElementActions.java:40)
	at com.swaglabs.utils.Scrolling.scrollToElement(Scrolling.java:15)
	at com.swaglabs.utils.ElementActions.findElement(ElementActions.java:40)
	at com.swaglabs.utils.Scrolling.scrollToElement(Scrolling.java:15)
	at com.swaglabs.utils.ElementActions.findElement(ElementActions.java:40)
	at com.swaglabs.utils.Scrolling.scrollToElement(Scrolling.java:15)
	at com.swaglabs.utils.ElementActions.findElement(ElementActions.java:40)
	at com.swaglabs.utils.Scrolling.scrollToElement(Scrolling.java:15)
	at com.swaglabs.utils.ElementActions.findElement(ElementActions.java:40)
	at com.swaglabs.utils.Scrolling.scrollToElement(Scrolling.java:15)
	at com.swaglabs.utils.ElementActions.findElement(ElementActions.java:40)
	at com.swaglabs.utils.Scrolling.scrollToElement(Scrolling.java:15)
	at com.swaglabs.utils.ElementActions.findElement(ElementActions.java:40)
	at com.swaglabs.utils.Scrolling.scrollToElement(Scrolling.java:15)
	at com.swaglabs.utils.ElementActions.findElement(ElementActions.java:40)
	at com.swaglabs.utils.Scrolling.scrollToElement(Scrolling.java:15)
	at com.swaglabs.utils.ElementActions.findElement(ElementActions.java:40)
	at com.swaglabs.utils.Scrolling.scrollToElement(Scrolling.java:15)
	at com.swaglabs.utils.ElementActions.findElement(ElementActions.java:40)
	at com.swaglabs.utils.Scrolling.scrollToElement(Scrolling.java:15)
	at com.swaglabs.utils.ElementActions.findElement(ElementActions.java:40)
	at com.swaglabs.utils.Scrolling.scrollToElement(Scrolling.java:15)
	at com.swaglabs.utils.ElementActions.findElement(ElementActions.java:40)
	at com.swaglabs.utils.Scrolling.scrollToElement(Scrolling.java:15)
	at com.swaglabs.utils.ElementActions.findElement(ElementActions.java:40)
	at com.swaglabs.utils.Scrolling.scrollToElement(Scrolling.java:15)
	at com.swaglabs.utils.ElementActions.findElement(ElementActions.java:40)
	at com.swaglabs.utils.Scrolling.scrollToElement(Scrolling.java:15)
	at com.swaglabs.utils.ElementActions.findElement(ElementActions.java:40)
	at com.swaglabs.utils.Scrolling.scrollToElement(Scrolling.java:15)
	at com.swaglabs.utils.ElementActions.findElement(ElementActions.java:40)
	at com.swaglabs.utils.Scrolling.scrollToElement(Scrolling.java:15)
	at com.swaglabs.utils.ElementActions.findElement(ElementActions.java:40)
	at com.swaglabs.utils.Scrolling.scrollToElement(Scrolling.java:15)
	at com.swaglabs.utils.ElementActions.findElement(ElementActions.java:40)
	at com.swaglabs.utils.Scrolling.scrollToElement(Scrolling.java:15)
	at com.swaglabs.utils.ElementActions.findElement(ElementActions.java:40)
	at com.swaglabs.utils.Scrolling.scrollToElement(Scrolling.java:15)
	at com.swaglabs.utils.ElementActions.findElement(ElementActions.java:40)
	at com.swaglabs.utils.Scrolling.scrollToElement(Scrolling.java:15)
	at com.swaglabs.utils.ElementActions.findElement(ElementActions.java:40)
	at com.swaglabs.utils.Scrolling.scrollToElement(Scrolling.java:15)
	at com.swaglabs.utils.ElementActions.findElement(ElementActions.java:40)
	at com.swaglabs.utils.Scrolling.scrollToElement(Scrolling.java:15)
	at com.swaglabs.utils.ElementActions.findElement(ElementActions.java:40)
	at com.swaglabs.utils.Scrolling.scrollToElement(Scrolling.java:15)
	at com.swaglabs.utils.ElementActions.findElement(ElementActions.java:40)
	at com.swaglabs.utils.Scrolling.scrollToElement(Scrolling.java:15)
	at com.swaglabs.utils.ElementActions.findElement(ElementActions.java:40)
	at com.swaglabs.utils.Scrolling.scrollToElement(Scrolling.java:15)
	at com.swaglabs.utils.ElementActions.findElement(ElementActions.java:40)
	at com.swaglabs.utils.Scrolling.scrollToElement(Scrolling.java:15)
	at com.swaglabs.utils.ElementActions.findElement(ElementActions.java:40)
	at com.swaglabs.utils.Scrolling.scrollToElement(Scrolling.java:15)
	at com.swaglabs.utils.ElementActions.findElement(ElementActions.java:40)
	at com.swaglabs.utils.Scrolling.scrollToElement(Scrolling.java:15)
	at com.swaglabs.utils.ElementActions.findElement(ElementActions.java:40)
	at com.swaglabs.utils.Scrolling.scrollToElement(Scrolling.java:15)
	at com.swaglabs.utils.ElementActions.findElement(ElementActions.java:40)
	at com.swaglabs.utils.Scrolling.scrollToElement(Scrolling.java:15)
	at com.swaglabs.utils.ElementActions.findElement(ElementActions.java:40)
	at com.swaglabs.utils.Scrolling.scrollToElement(Scrolling.java:15)
	at com.swaglabs.utils.ElementActions.findElement(ElementActions.java:40)
	at com.swaglabs.utils.Scrolling.scrollToElement(Scrolling.java:15)
	at com.swaglabs.utils.ElementActions.findElement(ElementActions.java:40)
	at com.swaglabs.utils.Scrolling.scrollToElement(Scrolling.java:15)
	at com.swaglabs.utils.ElementActions.findElement(ElementActions.java:40)
	at com.swaglabs.utils.Scrolling.scrollToElement(Scrolling.java:15)
	at com.swaglabs.utils.ElementActions.findElement(ElementActions.java:40)
	at com.swaglabs.utils.Scrolling.scrollToElement(Scrolling.java:15)
	at com.swaglabs.utils.ElementActions.findElement(ElementActions.java:40)
	at com.swaglabs.utils.Scrolling.scrollToElement(Scrolling.java:15)
	at com.swaglabs.utils.ElementActions.findElement(ElementActions.java:40)
	at com.swaglabs.utils.Scrolling.scrollToElement(Scrolling.java:15)
	at com.swaglabs.utils.ElementActions.findElement(ElementActions.java:40)
	at com.swaglabs.utils.Scrolling.scrollToElement(Scrolling.java:15)
	at com.swaglabs.utils.ElementActions.findElement(ElementActions.java:40)
	at com.swaglabs.utils.Scrolling.scrollToElement(Scrolling.java:15)
	at com.swaglabs.utils.ElementActions.findElement(ElementActions.java:40)
	at com.swaglabs.utils.Scrolling.scrollToElement(Scrolling.java:15)
	at com.swaglabs.utils.ElementActions.findElement(ElementActions.java:40)
	at com.swaglabs.utils.Scrolling.scrollToElement(Scrolling.java:15)
	at com.swaglabs.utils.ElementActions.findElement(ElementActions.java:40)
	at com.swaglabs.utils.Scrolling.scrollToElement(Scrolling.java:15)
	at com.swaglabs.utils.ElementActions.findElement(ElementActions.java:40)
	at com.swaglabs.utils.Scrolling.scrollToElement(Scrolling.java:15)
	at com.swaglabs.utils.ElementActions.findElement(ElementActions.java:40)
	at com.swaglabs.utils.Scrolling.scrollToElement(Scrolling.java:15)
	at com.swaglabs.utils.ElementActions.findElement(ElementActions.java:40)
	at com.swaglabs.utils.Scrolling.scrollToElement(Scrolling.java:15)
	at com.swaglabs.utils.ElementActions.findElement(ElementActions.java:40)
	at com.swaglabs.utils.Scrolling.scrollToElement(Scrolling.java:15)
	at com.swaglabs.utils.ElementActions.findElement(ElementActions.java:40)
	at com.swaglabs.utils.Scrolling.scrollToElement(Scrolling.java:15)
	at com.swaglabs.utils.ElementActions.findElement(ElementActions.java:40)
	at com.swaglabs.utils.Scrolling.scrollToElement(Scrolling.java:15)
	at com.swaglabs.utils.ElementActions.findElement(ElementActions.java:40)
	at com.swaglabs.utils.Scrolling.scrollToElement(Scrolling.java:15)
	at com.swaglabs.utils.ElementActions.findElement(ElementActions.java:40)
	at com.swaglabs.utils.Scrolling.scrollToElement(Scrolling.java:15)
	at com.swaglabs.utils.ElementActions.findElement(ElementActions.java:40)
	at com.swaglabs.utils.Scrolling.scrollToElement(Scrolling.java:15)
	at com.swaglabs.utils.ElementActions.findElement(ElementActions.java:40)
	at com.swaglabs.utils.Scrolling.scrollToElement(Scrolling.java:15)
	at com.swaglabs.utils.ElementActions.findElement(ElementActions.java:40)
	at com.swaglabs.utils.Scrolling.scrollToElement(Scrolling.java:15)
	at com.swaglabs.utils.ElementActions.findElement(ElementActions.java:40)
	at com.swaglabs.utils.Scrolling.scrollToElement(Scrolling.java:15)
	at com.swaglabs.utils.ElementActions.findElement(ElementActions.java:40)
	at com.swaglabs.utils.Scrolling.scrollToElement(Scrolling.java:15)
	at com.swaglabs.utils.ElementActions.findElement(ElementActions.java:40)
	at com.swaglabs.utils.Scrolling.scrollToElement(Scrolling.java:15)
	at com.swaglabs.utils.ElementActions.findElement(ElementActions.java:40)
	at com.swaglabs.utils.Scrolling.scrollToElement(Scrolling.java:15)
	at com.swaglabs.utils.ElementActions.findElement(ElementActions.java:40)
	at com.swaglabs.utils.Scrolling.scrollToElement(Scrolling.java:15)
	at com.swaglabs.utils.ElementActions.findElement(ElementActions.java:40)
	at com.swaglabs.utils.Scrolling.scrollToElement(Scrolling.java:15)
	at com.swaglabs.utils.ElementActions.findElement(ElementActions.java:40)
	at com.swaglabs.utils.Scrolling.scrollToElement(Scrolling.java:15)
	at com.swaglabs.utils.ElementActions.findElement(ElementActions.java:40)
	at com.swaglabs.utils.Scrolling.scrollToElement(Scrolling.java:15)
	at com.swaglabs.utils.ElementActions.findElement(ElementActions.java:40)
	at com.swaglabs.utils.Scrolling.scrollToElement(Scrolling.java:15)
	at com.swaglabs.utils.ElementActions.findElement(ElementActions.java:40)
	at com.swaglabs.utils.Scrolling.scrollToElement(Scrolling.java:15)
	at com.swaglabs.utils.ElementActions.findElement(ElementActions.java:40)
	at com.swaglabs.utils.Scrolling.scrollToElement(Scrolling.java:15)
	at com.swaglabs.utils.ElementActions.findElement(ElementActions.java:40)
	at com.swaglabs.utils.Scrolling.scrollToElement(Scrolling.java:15)
	at com.swaglabs.utils.ElementActions.findElement(ElementActions.java:40)
	at com.swaglabs.utils.Scrolling.scrollToElement(Scrolling.java:15)
	at com.swaglabs.utils.ElementActions.findElement(ElementActions.java:40)
	at com.swaglabs.utils.Scrolling.scrollToElement(Scrolling.java:15)
	at com.swaglabs.utils.ElementActions.findElement(ElementActions.java:40)
	at com.swaglabs.utils.Scrolling.scrollToElement(Scrolling.java:15)
	at com.swaglabs.utils.ElementActions.findElement(ElementActions.java:40)
	at com.swaglabs.utils.Scrolling.scrollToElement(Scrolling.java:15)
	at com.swaglabs.utils.ElementActions.findElement(ElementActions.java:40)
	at com.swaglabs.utils.Scrolling.scrollToElement(Scrolling.java:15)
	at com.swaglabs.utils.ElementActions.findElement(ElementActions.java:40)
	at com.swaglabs.utils.Scrolling.scrollToElement(Scrolling.java:15)
	at com.swaglabs.utils.ElementActions.findElement(ElementActions.java:40)
	at com.swaglabs.utils.Scrolling.scrollToElement(Scrolling.java:15)
	at com.swaglabs.utils.ElementActions.findElement(ElementActions.java:40)
	at com.swaglabs.utils.Scrolling.scrollToElement(Scrolling.java:15)
	at com.swaglabs.utils.ElementActions.findElement(ElementActions.java:40)
	at com.swaglabs.utils.Scrolling.scrollToElement(Scrolling.java:15)
	at com.swaglabs.utils.ElementActions.findElement(ElementActions.java:40)
	at com.swaglabs.utils.Scrolling.scrollToElement(Scrolling.java:15)
	at com.swaglabs.utils.ElementActions.findElement(ElementActions.java:40)
	at com.swaglabs.utils.Scrolling.scrollToElement(Scrolling.java:15)
	at com.swaglabs.utils.ElementActions.findElement(ElementActions.java:40)
	at com.swaglabs.utils.Scrolling.scrollToElement(Scrolling.java:15)
	at com.swaglabs.utils.ElementActions.findElement(ElementActions.java:40)
	at com.swaglabs.utils.Scrolling.scrollToElement(Scrolling.java:15)
	at com.swaglabs.utils.ElementActions.findElement(ElementActions.java:40)
	at com.swaglabs.utils.Scrolling.scrollToElement(Scrolling.java:15)
	at com.swaglabs.utils.ElementActions.findElement(ElementActions.java:40)
	at com.swaglabs.utils.Scrolling.scrollToElement(Scrolling.java:15)
	at com.swaglabs.utils.ElementActions.findElement(ElementActions.java:40)
	at com.swaglabs.utils.Scrolling.scrollToElement(Scrolling.java:15)
	at com.swaglabs.utils.ElementActions.findElement(ElementActions.java:40)
	at com.swaglabs.utils.Scrolling.scrollToElement(Scrolling.java:15)
	at com.swaglabs.utils.ElementActions.findElement(ElementActions.java:40)
	at com.swaglabs.utils.Scrolling.scrollToElement(Scrolling.java:15)
	at com.swaglabs.utils.ElementActions.findElement(ElementActions.java:40)
	at com.swaglabs.utils.Scrolling.scrollToElement(Scrolling.java:15)
	at com.swaglabs.utils.ElementActions.findElement(ElementActions.java:40)
	at com.swaglabs.utils.Scrolling.scrollToElement(Scrolling.java:15)
	at com.swaglabs.utils.ElementActions.findElement(ElementActions.java:40)
	at com.swaglabs.utils.Scrolling.scrollToElement(Scrolling.java:15)
	at com.swaglabs.utils.ElementActions.findElement(ElementActions.java:40)
	at com.swaglabs.utils.Scrolling.scrollToElement(Scrolling.java:15)
	at com.swaglabs.utils.ElementActions.findElement(ElementActions.java:40)
	at com.swaglabs.utils.Scrolling.scrollToElement(Scrolling.java:15)
	at com.swaglabs.utils.ElementActions.findElement(ElementActions.java:40)
	at com.swaglabs.utils.Scrolling.scrollToElement(Scrolling.java:15)
	at com.swaglabs.utils.ElementActions.findElement(ElementActions.java:40)
	at com.swaglabs.utils.Scrolling.scrollToElement(Scrolling.java:15)
	at com.swaglabs.utils.ElementActions.findElement(ElementActions.java:40)
	at com.swaglabs.utils.Scrolling.scrollToElement(Scrolling.java:15)
	at com.swaglabs.utils.ElementActions.findElement(ElementActions.java:40)
	at com.swaglabs.utils.Scrolling.scrollToElement(Scrolling.java:15)
	at com.swaglabs.utils.ElementActions.findElement(ElementActions.java:40)
	at com.swaglabs.utils.Scrolling.scrollToElement(Scrolling.java:15)
	at com.swaglabs.utils.ElementActions.findElement(ElementActions.java:40)
	at com.swaglabs.utils.Scrolling.scrollToElement(Scrolling.java:15)
	at com.swaglabs.utils.ElementActions.findElement(ElementActions.java:40)
	at com.swaglabs.utils.Scrolling.scrollToElement(Scrolling.java:15)
	at com.swaglabs.utils.ElementActions.findElement(ElementActions.java:40)
	at com.swaglabs.utils.Scrolling.scrollToElement(Scrolling.java:15)
	at com.swaglabs.utils.ElementActions.findElement(ElementActions.java:40)
	at com.swaglabs.utils.Scrolling.scrollToElement(Scrolling.java:15)
	at com.swaglabs.utils.ElementActions.findElement(ElementActions.java:40)
	at com.swaglabs.utils.Scrolling.scrollToElement(Scrolling.java:15)
	at com.swaglabs.utils.ElementActions.findElement(ElementActions.java:40)
	at com.swaglabs.utils.Scrolling.scrollToElement(Scrolling.java:15)
	at com.swaglabs.utils.ElementActions.findElement(ElementActions.java:40)
	at com.swaglabs.utils.Scrolling.scrollToElement(Scrolling.java:15)
	at com.swaglabs.utils.ElementActions.findElement(ElementActions.java:40)
	at com.swaglabs.utils.Scrolling.scrollToElement(Scrolling.java:15)
	at com.swaglabs.utils.ElementActions.findElement(ElementActions.java:40)
	at com.swaglabs.utils.Scrolling.scrollToElement(Scrolling.java:15)
	at com.swaglabs.utils.ElementActions.findElement(ElementActions.java:40)
	at com.swaglabs.utils.Scrolling.scrollToElement(Scrolling.java:15)
	at com.swaglabs.utils.ElementActions.findElement(ElementActions.java:40)
	at com.swaglabs.utils.Scrolling.scrollToElement(Scrolling.java:15)
	at com.swaglabs.utils.ElementActions.findElement(ElementActions.java:40)
	at com.swaglabs.utils.Scrolling.scrollToElement(Scrolling.java:15)
	at com.swaglabs.utils.ElementActions.findElement(ElementActions.java:40)
	at com.swaglabs.utils.Scrolling.scrollToElement(Scrolling.java:15)
	at com.swaglabs.utils.ElementActions.findElement(ElementActions.java:40)
	at com.swaglabs.utils.Scrolling.scrollToElement(Scrolling.java:15)
	at com.swaglabs.utils.ElementActions.findElement(ElementActions.java:40)
	at com.swaglabs.utils.Scrolling.scrollToElement(Scrolling.java:15)
	at com.swaglabs.utils.ElementActions.findElement(ElementActions.java:40)
	at com.swaglabs.utils.Scrolling.scrollToElement(Scrolling.java:15)
	at com.swaglabs.utils.ElementActions.findElement(ElementActions.java:40)
	at com.swaglabs.utils.Scrolling.scrollToElement(Scrolling.java:15)
	at com.swaglabs.utils.ElementActions.findElement(ElementActions.java:40)
	at com.swaglabs.utils.Scrolling.scrollToElement(Scrolling.java:15)
	at com.swaglabs.utils.ElementActions.findElement(ElementActions.java:40)
	at com.swaglabs.utils.Scrolling.scrollToElement(Scrolling.java:15)
	at com.swaglabs.utils.ElementActions.findElement(ElementActions.java:40)
	at com.swaglabs.utils.Scrolling.scrollToElement(Scrolling.java:15)
	at com.swaglabs.utils.ElementActions.findElement(ElementActions.java:40)
	at com.swaglabs.utils.Scrolling.scrollToElement(Scrolling.java:15)
	at com.swaglabs.utils.ElementActions.findElement(ElementActions.java:40)
	at com.swaglabs.utils.Scrolling.scrollToElement(Scrolling.java:15)
	at com.swaglabs.utils.ElementActions.findElement(ElementActions.java:40)
	at com.swaglabs.utils.Scrolling.scrollToElement(Scrolling.java:15)
	at com.swaglabs.utils.ElementActions.findElement(ElementActions.java:40)
	at com.swaglabs.utils.Scrolling.scrollToElement(Scrolling.java:15)
	at com.swaglabs.utils.ElementActions.findElement(ElementActions.java:40)
	at com.swaglabs.utils.Scrolling.scrollToElement(Scrolling.java:15)
	at com.swaglabs.utils.ElementActions.findElement(ElementActions.java:40)
	at com.swaglabs.utils.Scrolling.scrollToElement(Scrolling.java:15)
	at com.swaglabs.utils.ElementActions.findElement(ElementActions.java:40)
	at com.swaglabs.utils.Scrolling.scrollToElement(Scrolling.java:15)
	at com.swaglabs.utils.ElementActions.findElement(ElementActions.java:40)
	at com.swaglabs.utils.Scrolling.scrollToElement(Scrolling.java:15)
	at com.swaglabs.utils.ElementActions.findElement(ElementActions.java:40)
	at com.swaglabs.utils.Scrolling.scrollToElement(Scrolling.java:15)
	at com.swaglabs.utils.ElementActions.findElement(ElementActions.java:40)
	at com.swaglabs.utils.Scrolling.scrollToElement(Scrolling.java:15)
	at com.swaglabs.utils.ElementActions.findElement(ElementActions.java:40)
	at com.swaglabs.utils.Scrolling.scrollToElement(Scrolling.java:15)
	at com.swaglabs.utils.ElementActions.findElement(ElementActions.java:40)
	at com.swaglabs.utils.Scrolling.scrollToElement(Scrolling.java:15)
	at com.swaglabs.utils.ElementActions.findElement(ElementActions.java:40)
	at com.swaglabs.utils.Scrolling.scrollToElement(Scrolling.java:15)
	at com.swaglabs.utils.ElementActions.findElement(ElementActions.java:40)
	at com.swaglabs.utils.Scrolling.scrollToElement(Scrolling.java:15)
	at com.swaglabs.utils.ElementActions.findElement(ElementActions.java:40)
	at com.swaglabs.utils.Scrolling.scrollToElement(Scrolling.java:15)
	at com.swaglabs.utils.ElementActions.findElement(ElementActions.java:40)
	at com.swaglabs.utils.Scrolling.scrollToElement(Scrolling.java:15)
	at com.swaglabs.utils.ElementActions.findElement(ElementActions.java:40)
	at com.swaglabs.utils.Scrolling.scrollToElement(Scrolling.java:15)
	at com.swaglabs.utils.ElementActions.findElement(ElementActions.java:40)
	at com.swaglabs.utils.Scrolling.scrollToElement(Scrolling.java:15)
	at com.swaglabs.utils.ElementActions.findElement(ElementActions.java:40)
	at com.swaglabs.utils.Scrolling.scrollToElement(Scrolling.java:15)
	at com.swaglabs.utils.ElementActions.findElement(ElementActions.java:40)
	at com.swaglabs.utils.Scrolling.scrollToElement(Scrolling.java:15)
	at com.swaglabs.utils.ElementActions.findElement(ElementActions.java:40)
	at com.swaglabs.utils.Scrolling.scrollToElement(Scrolling.java:15)
	at com.swaglabs.utils.ElementActions.findElement(ElementActions.java:40)
	at com.swaglabs.utils.Scrolling.scrollToElement(Scrolling.java:15)
	at com.swaglabs.utils.ElementActions.findElement(ElementActions.java:40)
	at com.swaglabs.utils.Scrolling.scrollToElement(Scrolling.java:15)
	at com.swaglabs.utils.ElementActions.findElement(ElementActions.java:40)
	at com.swaglabs.utils.Scrolling.scrollToElement(Scrolling.java:15)
	at com.swaglabs.utils.ElementActions.findElement(ElementActions.java:40)
	at com.swaglabs.utils.Scrolling.scrollToElement(Scrolling.java:15)
	at com.swaglabs.utils.ElementActions.findElement(ElementActions.java:40)
	at com.swaglabs.utils.Scrolling.scrollToElement(Scrolling.java:15)
	at com.swaglabs.utils.ElementActions.findElement(ElementActions.java:40)
	at com.swaglabs.utils.Scrolling.scrollToElement(Scrolling.java:15)
	at com.swaglabs.utils.ElementActions.findElement(ElementActions.java:40)
	at com.swaglabs.utils.Scrolling.scrollToElement(Scrolling.java:15)
	at com.swaglabs.utils.ElementActions.findElement(ElementActions.java:40)
	at com.swaglabs.utils.Scrolling.scrollToElement(Scrolling.java:15)
	at com.swaglabs.utils.ElementActions.findElement(ElementActions.java:40)
	at com.swaglabs.utils.Scrolling.scrollToElement(Scrolling.java:15)
	at com.swaglabs.utils.ElementActions.findElement(ElementActions.java:40)
	at com.swaglabs.utils.Scrolling.scrollToElement(Scrolling.java:15)
	at com.swaglabs.utils.ElementActions.findElement(ElementActions.java:40)
	at com.swaglabs.utils.Scrolling.scrollToElement(Scrolling.java:15)
	at com.swaglabs.utils.ElementActions.findElement(ElementActions.java:40)
	at com.swaglabs.utils.Scrolling.scrollToElement(Scrolling.java:15)
	at com.swaglabs.utils.ElementActions.findElement(ElementActions.java:40)
	at com.swaglabs.utils.Scrolling.scrollToElement(Scrolling.java:15)
	at com.swaglabs.utils.ElementActions.findElement(ElementActions.java:40)
	at com.swaglabs.utils.Scrolling.scrollToElement(Scrolling.java:15)
	at com.swaglabs.utils.ElementActions.findElement(ElementActions.java:40)
	at com.swaglabs.utils.Scrolling.scrollToElement(Scrolling.java:15)
	at com.swaglabs.utils.ElementActions.findElement(ElementActions.java:40)
	at com.swaglabs.utils.Scrolling.scrollToElement(Scrolling.java:15)
	at com.swaglabs.utils.ElementActions.findElement(ElementActions.java:40)
	at com.swaglabs.utils.Scrolling.scrollToElement(Scrolling.java:15)
	at com.swaglabs.utils.ElementActions.findElement(ElementActions.java:40)
	at com.swaglabs.utils.Scrolling.scrollToElement(Scrolling.java:15)
	at com.swaglabs.utils.ElementActions.findElement(ElementActions.java:40)
	at com.swaglabs.utils.Scrolling.scrollToElement(Scrolling.java:15)
	at com.swaglabs.utils.ElementActions.findElement(ElementActions.java:40)
	at com.swaglabs.utils.Scrolling.scrollToElement(Scrolling.java:15)
	at com.swaglabs.utils.ElementActions.findElement(ElementActions.java:40)
	at com.swaglabs.utils.Scrolling.scrollToElement(Scrolling.java:15)
	at com.swaglabs.utils.ElementActions.findElement(ElementActions.java:40)
	at com.swaglabs.utils.Scrolling.scrollToElement(Scrolling.java:15)
	at com.swaglabs.utils.ElementActions.findElement(ElementActions.java:40)
	at com.swaglabs.utils.Scrolling.scrollToElement(Scrolling.java:15)
	at com.swaglabs.utils.ElementActions.findElement(ElementActions.java:40)
	at com.swaglabs.utils.Scrolling.scrollToElement(Scrolling.java:15)
	at com.swaglabs.utils.ElementActions.findElement(ElementActions.java:40)
	at com.swaglabs.utils.Scrolling.scrollToElement(Scrolling.java:15)
	at com.swaglabs.utils.ElementActions.findElement(ElementActions.java:40)
	at com.swaglabs.utils.Scrolling.scrollToElement(Scrolling.java:15)
	at com.swaglabs.utils.ElementActions.findElement(ElementActions.java:40)
	at com.swaglabs.utils.Scrolling.scrollToElement(Scrolling.java:15)
	at com.swaglabs.utils.ElementActions.findElement(ElementActions.java:40)
	at com.swaglabs.utils.Scrolling.scrollToElement(Scrolling.java:15)
	at com.swaglabs.utils.ElementActions.findElement(ElementActions.java:40)
	at com.swaglabs.utils.Scrolling.scrollToElement(Scrolling.java:15)
	at com.swaglabs.utils.ElementActions.findElement(ElementActions.java:40)
	at com.swaglabs.utils.Scrolling.scrollToElement(Scrolling.java:15)
	at com.swaglabs.utils.ElementActions.findElement(ElementActions.java:40)
	at com.swaglabs.utils.Scrolling.scrollToElement(Scrolling.java:15)
	at com.swaglabs.utils.ElementActions.findElement(ElementActions.java:40)
	at com.swaglabs.utils.Scrolling.scrollToElement(Scrolling.java:15)
	at com.swaglabs.utils.ElementActions.findElement(ElementActions.java:40)
	at com.swaglabs.utils.Scrolling.scrollToElement(Scrolling.java:15)
	at com.swaglabs.utils.ElementActions.findElement(ElementActions.java:40)
	at com.swaglabs.utils.Scrolling.scrollToElement(Scrolling.java:15)
	at com.swaglabs.utils.ElementActions.findElement(ElementActions.java:40)
	at com.swaglabs.utils.Scrolling.scrollToElement(Scrolling.java:15)
	at com.swaglabs.utils.ElementActions.findElement(ElementActions.java:40)
	at com.swaglabs.utils.Scrolling.scrollToElement(Scrolling.java:15)
	at com.swaglabs.utils.ElementActions.findElement(ElementActions.java:40)
	at com.swaglabs.utils.Scrolling.scrollToElement(Scrolling.java:15)
	at com.swaglabs.utils.ElementActions.findElement(ElementActions.java:40)
	at com.swaglabs.utils.Scrolling.scrollToElement(Scrolling.java:15)
	at com.swaglabs.utils.ElementActions.findElement(ElementActions.java:40)
	at com.swaglabs.utils.Scrolling.scrollToElement(Scrolling.java:15)
	at com.swaglabs.utils.ElementActions.findElement(ElementActions.java:40)
	at com.swaglabs.utils.Scrolling.scrollToElement(Scrolling.java:15)
	at com.swaglabs.utils.ElementActions.findElement(ElementActions.java:40)
	at com.swaglabs.utils.Scrolling.scrollToElement(Scrolling.java:15)
	at com.swaglabs.utils.ElementActions.findElement(ElementActions.java:40)
	at com.swaglabs.utils.Scrolling.scrollToElement(Scrolling.java:15)
	at com.swaglabs.utils.ElementActions.findElement(ElementActions.java:40)
	at com.swaglabs.utils.Scrolling.scrollToElement(Scrolling.java:15)
	at com.swaglabs.utils.ElementActions.findElement(ElementActions.java:40)
	at com.swaglabs.utils.Scrolling.scrollToElement(Scrolling.java:15)
	at com.swaglabs.utils.ElementActions.findElement(ElementActions.java:40)
	at com.swaglabs.utils.Scrolling.scrollToElement(Scrolling.java:15)
	at com.swaglabs.utils.ElementActions.findElement(ElementActions.java:40)
	at com.swaglabs.utils.Scrolling.scrollToElement(Scrolling.java:15)
	at com.swaglabs.utils.ElementActions.findElement(ElementActions.java:40)
	at com.swaglabs.utils.Scrolling.scrollToElement(Scrolling.java:15)
	at com.swaglabs.utils.ElementActions.findElement(ElementActions.java:40)
	at com.swaglabs.utils.Scrolling.scrollToElement(Scrolling.java:15)
	at com.swaglabs.utils.ElementActions.findElement(ElementActions.java:40)
	at com.swaglabs.utils.Scrolling.scrollToElement(Scrolling.java:15)
	at com.swaglabs.utils.ElementActions.findElement(ElementActions.java:40)
	at com.swaglabs.utils.Scrolling.scrollToElement(Scrolling.java:15)
	at com.swaglabs.utils.ElementActions.findElement(ElementActions.java:40)
	at com.swaglabs.utils.Scrolling.scrollToElement(Scrolling.java:15)
	at com.swaglabs.utils.ElementActions.findElement(ElementActions.java:40)
	at com.swaglabs.utils.Scrolling.scrollToElement(Scrolling.java:15)
	at com.swaglabs.utils.ElementActions.findElement(ElementActions.java:40)
	at com.swaglabs.utils.Scrolling.scrollToElement(Scrolling.java:15)
	at com.swaglabs.utils.ElementActions.findElement(ElementActions.java:40)
	at com.swaglabs.utils.Scrolling.scrollToElement(Scrolling.java:15)
	at com.swaglabs.utils.ElementActions.findElement(ElementActions.java:40)
	at com.swaglabs.utils.Scrolling.scrollToElement(Scrolling.java:15)
	at com.swaglabs.utils.ElementActions.findElement(ElementActions.java:40)
	at com.swaglabs.utils.Scrolling.scrollToElement(Scrolling.java:15)
	at com.swaglabs.utils.ElementActions.findElement(ElementActions.java:40)
	at com.swaglabs.utils.Scrolling.scrollToElement(Scrolling.java:15)
	at com.swaglabs.utils.ElementActions.findElement(ElementActions.java:40)
	at com.swaglabs.utils.Scrolling.scrollToElement(Scrolling.java:15)
	at com.swaglabs.utils.ElementActions.findElement(ElementActions.java:40)
	at com.swaglabs.utils.Scrolling.scrollToElement(Scrolling.java:15)
	at com.swaglabs.utils.ElementActions.findElement(ElementActions.java:40)
	at com.swaglabs.utils.Scrolling.scrollToElement(Scrolling.java:15)
	at com.swaglabs.utils.ElementActions.findElement(ElementActions.java:40)
	at com.swaglabs.utils.Scrolling.scrollToElement(Scrolling.java:15)
	at com.swaglabs.utils.ElementActions.findElement(ElementActions.java:40)
	at com.swaglabs.utils.Scrolling.scrollToElement(Scrolling.java:15)
	at com.swaglabs.utils.ElementActions.findElement(ElementActions.java:40)
	at com.swaglabs.utils.Scrolling.scrollToElement(Scrolling.java:15)
	at com.swaglabs.utils.ElementActions.findElement(ElementActions.java:40)
	at com.swaglabs.utils.Scrolling.scrollToElement(Scrolling.java:15)
	at com.swaglabs.utils.ElementActions.findElement(ElementActions.java:40)
	at com.swaglabs.utils.Scrolling.scrollToElement(Scrolling.java:15)
	at com.swaglabs.utils.ElementActions.findElement(ElementActions.java:40)
	at com.swaglabs.utils.Scrolling.scrollToElement(Scrolling.java:15)
	at com.swaglabs.utils.ElementActions.findElement(ElementActions.java:40)
	at com.swaglabs.utils.Scrolling.scrollToElement(Scrolling.java:15)
	at com.swaglabs.utils.ElementActions.findElement(ElementActions.java:40)
	at com.swaglabs.utils.Scrolling.scrollToElement(Scrolling.java:15)
	at com.swaglabs.utils.ElementActions.findElement(ElementActions.java:40)
	at com.swaglabs.utils.Scrolling.scrollToElement(Scrolling.java:15)
	at com.swaglabs.utils.ElementActions.findElement(ElementActions.java:40)
	at com.swaglabs.utils.Scrolling.scrollToElement(Scrolling.java:15)
	at com.swaglabs.utils.ElementActions.findElement(ElementActions.java:40)
	at com.swaglabs.utils.Scrolling.scrollToElement(Scrolling.java:15)
	at com.swaglabs.utils.ElementActions.findElement(ElementActions.java:40)
	at com.swaglabs.utils.Scrolling.scrollToElement(Scrolling.java:15)
	at com.swaglabs.utils.ElementActions.findElement(ElementActions.java:40)
	at com.swaglabs.utils.Scrolling.scrollToElement(Scrolling.java:15)
	at com.swaglabs.utils.ElementActions.findElement(ElementActions.java:40)
	at com.swaglabs.utils.Scrolling.scrollToElement(Scrolling.java:15)
	at com.swaglabs.utils.ElementActions.findElement(ElementActions.java:40)
	at com.swaglabs.utils.Scrolling.scrollToElement(Scrolling.java:15)
	at com.swaglabs.utils.ElementActions.findElement(ElementActions.java:40)
	at com.swaglabs.utils.Scrolling.scrollToElement(Scrolling.java:15)
	at com.swaglabs.utils.ElementActions.findElement(ElementActions.java:40)
	at com.swaglabs.utils.Scrolling.scrollToElement(Scrolling.java:15)
	at com.swaglabs.utils.ElementActions.findElement(ElementActions.java:40)
	at com.swaglabs.utils.Scrolling.scrollToElement(Scrolling.java:15)
	at com.swaglabs.utils.ElementActions.findElement(ElementActions.java:40)
	at com.swaglabs.utils.Scrolling.scrollToElement(Scrolling.java:15)
	at com.swaglabs.utils.ElementActions.findElement(ElementActions.java:40)
	at com.swaglabs.utils.Scrolling.scrollToElement(Scrolling.java:15)
	at com.swaglabs.utils.ElementActions.findElement(ElementActions.java:40)
	at com.swaglabs.utils.Scrolling.scrollToElement(Scrolling.java:15)
	at com.swaglabs.utils.ElementActions.findElement(ElementActions.java:40)
	at com.swaglabs.utils.Scrolling.scrollToElement(Scrolling.java:15)
	at com.swaglabs.utils.ElementActions.findElement(ElementActions.java:40)
	at com.swaglabs.utils.Scrolling.scrollToElement(Scrolling.java:15)
	at com.swaglabs.utils.ElementActions.findElement(ElementActions.java:40)
	at com.swaglabs.utils.Scrolling.scrollToElement(Scrolling.java:15)
	at com.swaglabs.utils.ElementActions.findElement(ElementActions.java:40)
	at com.swaglabs.utils.Scrolling.scrollToElement(Scrolling.java:15)
	at com.swaglabs.utils.ElementActions.findElement(ElementActions.java:40)
	at com.swaglabs.utils.Scrolling.scrollToElement(Scrolling.java:15)
	at com.swaglabs.utils.ElementActions.findElement(ElementActions.java:40)
	at com.swaglabs.utils.Scrolling.scrollToElement(Scrolling.java:15)
	at com.swaglabs.utils.ElementActions.findElement(ElementActions.java:40)
	at com.swaglabs.utils.Scrolling.scrollToElement(Scrolling.java:15)
	at com.swaglabs.utils.ElementActions.findElement(ElementActions.java:40)
	at com.swaglabs.utils.Scrolling.scrollToElement(Scrolling.java:15)
	at com.swaglabs.utils.ElementActions.findElement(ElementActions.java:40)
	at com.swaglabs.utils.Scrolling.scrollToElement(Scrolling.java:15)
	at com.swaglabs.utils.ElementActions.findElement(ElementActions.java:40)
	at com.swaglabs.utils.Scrolling.scrollToElement(Scrolling.java:15)
	at com.swaglabs.utils.ElementActions.findElement(ElementActions.java:40)
	at com.swaglabs.utils.Scrolling.scrollToElement(Scrolling.java:15)
	at com.swaglabs.utils.ElementActions.findElement(ElementActions.java:40)
	at com.swaglabs.utils.Scrolling.scrollToElement(Scrolling.java:15)
	at com.swaglabs.utils.ElementActions.findElement(ElementActions.java:40)
	at com.swaglabs.utils.Scrolling.scrollToElement(Scrolling.java:15)
	at com.swaglabs.utils.ElementActions.findElement(ElementActions.java:40)
	at com.swaglabs.utils.Scrolling.scrollToElement(Scrolling.java:15)
	at com.swaglabs.utils.ElementActions.findElement(ElementActions.java:40)
	at com.swaglabs.utils.Scrolling.scrollToElement(Scrolling.java:15)
	at com.swaglabs.utils.ElementActions.findElement(ElementActions.java:40)
	at com.swaglabs.utils.Scrolling.scrollToElement(Scrolling.java:15)
	at com.swaglabs.utils.ElementActions.findElement(ElementActions.java:40)
	at com.swaglabs.utils.Scrolling.scrollToElement(Scrolling.java:15)
	at com.swaglabs.utils.ElementActions.findElement(ElementActions.java:40)
	at com.swaglabs.utils.Scrolling.scrollToElement(Scrolling.java:15)
	at com.swaglabs.utils.ElementActions.findElement(ElementActions.java:40)
	at com.swaglabs.utils.Scrolling.scrollToElement(Scrolling.java:15)
	at com.swaglabs.utils.ElementActions.findElement(ElementActions.java:40)
	at com.swaglabs.utils.Scrolling.scrollToElement(Scrolling.java:15)
	at com.swaglabs.utils.ElementActions.findElement(ElementActions.java:40)
	at com.swaglabs.utils.Scrolling.scrollToElement(Scrolling.java:15)
	at com.swaglabs.utils.ElementActions.findElement(ElementActions.java:40)
	at com.swaglabs.utils.Scrolling.scrollToElement(Scrolling.java:15)
	at com.swaglabs.utils.ElementActions.findElement(ElementActions.java:40)
	at com.swaglabs.utils.Scrolling.scrollToElement(Scrolling.java:15)
	at com.swaglabs.utils.ElementActions.findElement(ElementActions.java:40)
	at com.swaglabs.utils.Scrolling.scrollToElement(Scrolling.java:15)
	at com.swaglabs.utils.ElementActions.findElement(ElementActions.java:40)
	at com.swaglabs.utils.Scrolling.scrollToElement(Scrolling.java:15)
	at com.swaglabs.utils.ElementActions.findElement(ElementActions.java:40)
	at com.swaglabs.utils.Scrolling.scrollToElement(Scrolling.java:15)
	at com.swaglabs.utils.ElementActions.findElement(ElementActions.java:40)
	at com.swaglabs.utils.Scrolling.scrollToElement(Scrolling.java:15)
	at com.swaglabs.utils.ElementActions.findElement(ElementActions.java:40)
	at com.swaglabs.utils.Scrolling.scrollToElement(Scrolling.java:15)
	at com.swaglabs.utils.ElementActions.findElement(ElementActions.java:40)
	at com.swaglabs.utils.Scrolling.scrollToElement(Scrolling.java:15)
	at com.swaglabs.utils.ElementActions.findElement(ElementActions.java:40)
	at com.swaglabs.utils.Scrolling.scrollToElement(Scrolling.java:15)
	at com.swaglabs.utils.ElementActions.findElement(ElementActions.java:40)
	at com.swaglabs.utils.Scrolling.scrollToElement(Scrolling.java:15)
	at com.swaglabs.utils.ElementActions.findElement(ElementActions.java:40)
	at com.swaglabs.utils.Scrolling.scrollToElement(Scrolling.java:15)
	at com.swaglabs.utils.ElementActions.findElement(ElementActions.java:40)
	at com.swaglabs.utils.Scrolling.scrollToElement(Scrolling.java:15)
	at com.swaglabs.utils.ElementActions.findElement(ElementActions.java:40)
	at com.swaglabs.utils.Scrolling.scrollToElement(Scrolling.java:15)
	at com.swaglabs.utils.ElementActions.findElement(ElementActions.java:40)
	at com.swaglabs.utils.Scrolling.scrollToElement(Scrolling.java:15)
	at com.swaglabs.utils.ElementActions.findElement(ElementActions.java:40)
	at com.swaglabs.utils.Scrolling.scrollToElement(Scrolling.java:15)
	at com.swaglabs.utils.ElementActions.findElement(ElementActions.java:40)
	at com.swaglabs.utils.Scrolling.scrollToElement(Scrolling.java:15)
	at com.swaglabs.utils.ElementActions.findElement(ElementActions.java:40)
	at com.swaglabs.utils.Scrolling.scrollToElement(Scrolling.java:15)
	at com.swaglabs.utils.ElementActions.findElement(ElementActions.java:40)
	at com.swaglabs.utils.Scrolling.scrollToElement(Scrolling.java:15)
	at com.swaglabs.utils.ElementActions.findElement(ElementActions.java:40)
	at com.swaglabs.utils.Scrolling.scrollToElement(Scrolling.java:15)
	at com.swaglabs.utils.ElementActions.findElement(ElementActions.java:40)
	at com.swaglabs.utils.Scrolling.scrollToElement(Scrolling.java:15)
	at com.swaglabs.utils.ElementActions.findElement(ElementActions.java:40)
	at com.swaglabs.utils.Scrolling.scrollToElement(Scrolling.java:15)
	at com.swaglabs.utils.ElementActions.findElement(ElementActions.java:40)
	at com.swaglabs.utils.Scrolling.scrollToElement(Scrolling.java:15)
	at com.swaglabs.utils.ElementActions.findElement(ElementActions.java:40)
	at com.swaglabs.utils.Scrolling.scrollToElement(Scrolling.java:15)
	at com.swaglabs.utils.ElementActions.findElement(ElementActions.java:40)
	at com.swaglabs.utils.Scrolling.scrollToElement(Scrolling.java:15)
	at com.swaglabs.utils.ElementActions.findElement(ElementActions.java:40)
	at com.swaglabs.utils.Scrolling.scrollToElement(Scrolling.java:15)
	at com.swaglabs.utils.ElementActions.findElement(ElementActions.java:40)
	at com.swaglabs.utils.Scrolling.scrollToElement(Scrolling.java:15)
	at com.swaglabs.utils.ElementActions.findElement(ElementActions.java:40)
	at com.swaglabs.utils.Scrolling.scrollToElement(Scrolling.java:15)
	at com.swaglabs.utils.ElementActions.findElement(ElementActions.java:40)
	at com.swaglabs.utils.Scrolling.scrollToElement(Scrolling.java:15)
	at com.swaglabs.utils.ElementActions.findElement(ElementActions.java:40)
	at com.swaglabs.utils.Scrolling.scrollToElement(Scrolling.java:15)
	at com.swaglabs.utils.ElementActions.findElement(ElementActions.java:40)
	at com.swaglabs.utils.Scrolling.scrollToElement(Scrolling.java:15)
	at com.swaglabs.utils.ElementActions.findElement(ElementActions.java:40)
	at com.swaglabs.utils.Scrolling.scrollToElement(Scrolling.java:15)
	at com.swaglabs.utils.ElementActions.findElement(ElementActions.java:40)
	at com.swaglabs.utils.Scrolling.scrollToElement(Scrolling.java:15)
	at com.swaglabs.utils.ElementActions.findElement(ElementActions.java:40)
	at com.swaglabs.utils.Scrolling.scrollToElement(Scrolling.java:15)
	at com.swaglabs.utils.ElementActions.findElement(ElementActions.java:40)
	at com.swaglabs.utils.Scrolling.scrollToElement(Scrolling.java:15)
	at com.swaglabs.utils.ElementActions.findElement(ElementActions.java:40)
	at com.swaglabs.utils.Scrolling.scrollToElement(Scrolling.java:15)
	at com.swaglabs.utils.ElementActions.findElement(ElementActions.java:40)
	at com.swaglabs.utils.Scrolling.scrollToElement(Scrolling.java:15)
	at com.swaglabs.utils.ElementActions.findElement(ElementActions.java:40)
	at com.swaglabs.utils.Scrolling.scrollToElement(Scrolling.java:15)
	at com.swaglabs.utils.ElementActions.findElement(ElementActions.java:40)
	at com.swaglabs.utils.Scrolling.scrollToElement(Scrolling.java:15)
	at com.swaglabs.utils.ElementActions.findElement(ElementActions.java:40)
	at com.swaglabs.utils.Scrolling.scrollToElement(Scrolling.java:15)
	at com.swaglabs.utils.ElementActions.findElement(ElementActions.java:40)
	at com.swaglabs.utils.Scrolling.scrollToElement(Scrolling.java:15)
	at com.swaglabs.utils.ElementActions.findElement(ElementActions.java:40)
	at com.swaglabs.utils.Scrolling.scrollToElement(Scrolling.java:15)
	at com.swaglabs.utils.ElementActions.findElement(ElementActions.java:40)
	at com.swaglabs.utils.Scrolling.scrollToElement(Scrolling.java:15)
	at com.swaglabs.utils.ElementActions.findElement(ElementActions.java:40)
	at com.swaglabs.utils.Scrolling.scrollToElement(Scrolling.java:15)
	at com.swaglabs.utils.ElementActions.findElement(ElementActions.java:40)
	at com.swaglabs.utils.Scrolling.scrollToElement(Scrolling.java:15)
	at com.swaglabs.utils.ElementActions.findElement(ElementActions.java:40)
	at com.swaglabs.utils.Scrolling.scrollToElement(Scrolling.java:15)
	at com.swaglabs.utils.ElementActions.findElement(ElementActions.java:40)
	at com.swaglabs.utils.Scrolling.scrollToElement(Scrolling.java:15)
	at com.swaglabs.utils.ElementActions.findElement(ElementActions.java:40)
	at com.swaglabs.utils.Scrolling.scrollToElement(Scrolling.java:15)
	at com.swaglabs.utils.ElementActions.findElement(ElementActions.java:40)
	at com.swaglabs.utils.Scrolling.scrollToElement(Scrolling.java:15)
	at com.swaglabs.utils.ElementActions.findElement(ElementActions.java:40)
	at com.swaglabs.utils.Scrolling.scrollToElement(Scrolling.java:15)
	at com.swaglabs.utils.ElementActions.findElement(ElementActions.java:40)
	at com.swaglabs.utils.Scrolling.scrollToElement(Scrolling.java:15)
	at com.swaglabs.utils.ElementActions.findElement(ElementActions.java:40)
	at com.swaglabs.utils.Scrolling.scrollToElement(Scrolling.java:15)
	at com.swaglabs.utils.ElementActions.findElement(ElementActions.java:40)
	at com.swaglabs.utils.Scrolling.scrollToElement(Scrolling.java:15)
	at com.swaglabs.utils.ElementActions.findElement(ElementActions.java:40)
	at com.swaglabs.utils.Scrolling.scrollToElement(Scrolling.java:15)
	at com.swaglabs.utils.ElementActions.findElement(ElementActions.java:40)
	at com.swaglabs.utils.Scrolling.scrollToElement(Scrolling.java:15)
	at com.swaglabs.utils.ElementActions.findElement(ElementActions.java:40)
	at com.swaglabs.utils.Scrolling.scrollToElement(Scrolling.java:15)
	at com.swaglabs.utils.ElementActions.findElement(ElementActions.java:40)
	at com.swaglabs.utils.Scrolling.scrollToElement(Scrolling.java:15)
	at com.swaglabs.utils.ElementActions.findElement(ElementActions.java:40)
	at com.swaglabs.utils.Scrolling.scrollToElement(Scrolling.java:15)
	at com.swaglabs.utils.ElementActions.findElement(ElementActions.java:40)
	at com.swaglabs.utils.Scrolling.scrollToElement(Scrolling.java:15)
	at com.swaglabs.utils.ElementActions.findElement(ElementActions.java:40)
	at com.swaglabs.utils.Scrolling.scrollToElement(Scrolling.java:15)
	at com.swaglabs.utils.ElementActions.findElement(ElementActions.java:40)
	at com.swaglabs.utils.Scrolling.scrollToElement(Scrolling.java:15)
	at com.swaglabs.utils.ElementActions.findElement(ElementActions.java:40)
	at com.swaglabs.utils.Scrolling.scrollToElement(Scrolling.java:15)
	at com.swaglabs.utils.ElementActions.findElement(ElementActions.java:40)
	at com.swaglabs.utils.Scrolling.scrollToElement(Scrolling.java:15)
	at com.swaglabs.utils.ElementActions.findElement(ElementActions.java:40)
	at com.swaglabs.utils.Scrolling.scrollToElement(Scrolling.java:15)
	at com.swaglabs.utils.ElementActions.findElement(ElementActions.java:40)
	at com.swaglabs.utils.Scrolling.scrollToElement(Scrolling.java:15)
	at com.swaglabs.utils.ElementActions.findElement(ElementActions.java:40)
	at com.swaglabs.utils.Scrolling.scrollToElement(Scrolling.java:15)
	at com.swaglabs.utils.ElementActions.findElement(ElementActions.java:40)
	at com.swaglabs.utils.Scrolling.scrollToElement(Scrolling.java:15)
	at com.swaglabs.utils.ElementActions.findElement(ElementActions.java:40)
	at com.swaglabs.utils.Scrolling.scrollToElement(Scrolling.java:15)
	at com.swaglabs.utils.ElementActions.findElement(ElementActions.java:40)
	at com.swaglabs.utils.Scrolling.scrollToElement(Scrolling.java:15)
	at com.swaglabs.utils.ElementActions.findElement(ElementActions.java:40)
	at com.swaglabs.utils.Scrolling.scrollToElement(Scrolling.java:15)
	at com.swaglabs.utils.ElementActions.findElement(ElementActions.java:40)
	at com.swaglabs.utils.Scrolling.scrollToElement(Scrolling.java:15)
	at com.swaglabs.utils.ElementActions.findElement(ElementActions.java:40)
	at com.swaglabs.utils.Scrolling.scrollToElement(Scrolling.java:15)
	at com.swaglabs.utils.ElementActions.findElement(ElementActions.java:40)
	at com.swaglabs.utils.Scrolling.scrollToElement(Scrolling.java:15)
	at com.swaglabs.utils.ElementActions.findElement(ElementActions.java:40)
	at com.swaglabs.utils.Scrolling.scrollToElement(Scrolling.java:15)
	at com.swaglabs.utils.ElementActions.findElement(ElementActions.java:40)
	at com.swaglabs.utils.Scrolling.scrollToElement(Scrolling.java:15)
	at com.swaglabs.utils.ElementActions.findElement(ElementActions.java:40)
	at com.swaglabs.utils.Scrolling.scrollToElement(Scrolling.java:15)
	at com.swaglabs.utils.ElementActions.findElement(ElementActions.java:40)
	at com.swaglabs.utils.Scrolling.scrollToElement(Scrolling.java:15)
	at com.swaglabs.utils.ElementActions.findElement(ElementActions.java:40)
	at com.swaglabs.utils.Scrolling.scrollToElement(Scrolling.java:15)
Caused by: org.openqa.selenium.NoSuchWindowException: no such window: target window already closed
from unknown error: web view not found
  (Session info: chrome=139.0.7258.155)
Build info: version: '4.34.0', revision: '707dcb4246*'
System info: os.name: 'Windows 11', os.arch: 'amd64', os.version: '10.0', java.version: '21.0.8'
Driver info: org.openqa.selenium.chrome.ChromeDriver
Command: [5e82b57f3eaad96db75a83d80ec6341e, findElement {using=id, value=user-name}]
Capabilities {acceptInsecureCerts: false, browserName: chrome, browserVersion: 139.0.7258.155, chrome: {chromedriverVersion: 139.0.7258.154 (9e0d6b2b47f..., userDataDir: C:\Users\Lenovo\AppData\Loc...}, fedcm:accounts: true, goog:chromeOptions: {debuggerAddress: localhost:50045}, networkConnectionEnabled: false, pageLoadStrategy: normal, platformName: windows, proxy: Proxy(), se:cdp: ws://localhost:50045/devtoo..., se:cdpVersion: 139.0.7258.155, setWindowRect: true, strictFileInteractability: false, timeouts: {implicit: 0, pageLoad: 300000, script: 30000}, unhandledPromptBehavior: dismiss and notify, webauthn:extension:credBlob: true, webauthn:extension:largeBlob: true, webauthn:extension:minPinLength: true, webauthn:extension:prf: true, webauthn:virtualAuthenticators: true}
Session ID: 5e82b57f3eaad96db75a83d80ec6341e
	at java.base/jdk.internal.reflect.DirectConstructorHandleAccessor.newInstance(DirectConstructorHandleAccessor.java:62)
	at java.base/java.lang.reflect.Constructor.newInstanceWithCaller(Constructor.java:502)
	at java.base/java.lang.reflect.Constructor.newInstance(Constructor.java:486)
	at org.openqa.selenium.remote.ErrorCodec.decode(ErrorCodec.java:167)
	at org.openqa.selenium.remote.codec.w3c.W3CHttpResponseCodec.decode(W3CHttpResponseCodec.java:138)
	at org.openqa.selenium.remote.codec.w3c.W3CHttpResponseCodec.decode(W3CHttpResponseCodec.java:50)
	at org.openqa.selenium.remote.HttpCommandExecutor.execute(HttpCommandExecutor.java:215)
	at org.openqa.selenium.remote.service.DriverCommandExecutor.invokeExecute(DriverCommandExecutor.java:216)
	at org.openqa.selenium.remote.service.DriverCommandExecutor.execute(DriverCommandExecutor.java:174)
	at org.openqa.selenium.remote.RemoteWebDriver.execute(RemoteWebDriver.java:544)
	at org.openqa.selenium.remote.ElementLocation$ElementFinder$2.findElement(ElementLocation.java:165)
	at org.openqa.selenium.remote.ElementLocation.findElement(ElementLocation.java:59)
	at org.openqa.selenium.remote.RemoteWebDriver.findElement(RemoteWebDriver.java:367)
	at org.openqa.selenium.remote.RemoteWebDriver.findElement(RemoteWebDriver.java:361)
	at com.swaglabs.utils.Waits.lambda$0(Waits.java:20)
	at org.openqa.selenium.support.ui.FluentWait.until(FluentWait.java:203)
	at com.swaglabs.utils.Waits.waitForElementToBePresent(Waits.java:20)
	at com.swaglabs.utils.Waits.lambda$1(Waits.java:27)
	at org.openqa.selenium.support.ui.FluentWait.until(FluentWait.java:203)
	at com.swaglabs.utils.Waits.waitForElementToBeVisible(Waits.java:26)
	at com.swaglabs.utils.ElementActions.findElement(ElementActions.java:39)
	... 1003 more
]]></failure>
    <system-err><![CDATA[SLF4J(W): No SLF4J providers were found.
SLF4J(W): Defaulting to no-operation (NOP) logger implementation
SLF4J(W): See https://www.slf4j.org/codes.html#noProviders for further details.
sept. 04, 2025 8:35:19 PM org.openqa.selenium.devtools.CdpVersionFinder findNearestMatch
WARNING: Unable to find an exact match for CDP version 139, returning the closest version; found: 138; Please update to a Selenium version that supports CDP version 139
]]></system-err>
  </testcase>
</testsuite>